\BOOKMARK [0][-]{chapter*.4}{\376\377\000L\036\335\000i\000\040\000c\036\243\000m\000\040\001\241\000n}{}% 1
\BOOKMARK [0][-]{chapter*.5}{\376\377\000M\036\345\000c\000\040\000l\036\345\000c}{}% 2
\BOOKMARK [0][-]{chapter*.6}{\376\377\000B\036\243\000n\000g\000\040\000t\000h\000u\036\255\000t\000\040\000n\000g\036\357\000\040\000v\000\340\000\040\000t\036\353\000\040\000v\000i\036\277\000t\000\040\000t\036\257\000t}{}% 3
\BOOKMARK [0][-]{chapter*.7}{\376\377\000D\000a\000n\000h\000\040\000s\000\341\000c\000h\000\040\000h\000\354\000n\000h\000\040\000v\036\275}{}% 4
\BOOKMARK [0][-]{chapter*.8}{\376\377\000D\000a\000n\000h\000\040\000s\000\341\000c\000h\000\040\000b\036\243\000n\000g}{}% 5
\BOOKMARK [0][-]{chapter*.9}{\376\377\000T\000\363\000m\000\040\000t\036\257\000t}{}% 6
\BOOKMARK [0][-]{chapter*.10}{\376\377\000A\000b\000s\000t\000r\000a\000c\000t}{}% 7
\BOOKMARK [0][-]{chapter.1}{\376\377\000G\000i\036\333\000i\000\040\000t\000h\000i\036\307\000u}{}% 8
\BOOKMARK [1][-]{section.1.1}{\376\377\001\020\036\267\000t\000\040\000v\036\245\000n\000\040\001\021\036\301}{chapter.1}% 9
\BOOKMARK [1][-]{section.1.2}{\376\377\000N\000h\036\357\000n\000g\000\040\000n\000g\000h\000i\000\352\000n\000\040\000c\036\351\000u\000\040\000l\000i\000\352\000n\000\040\000q\000u\000a\000n}{chapter.1}% 10
\BOOKMARK [1][-]{section.1.3}{\376\377\000M\036\345\000c\000\040\000t\000i\000\352\000u\000\040\000c\036\347\000a\000\040\001\021\036\301\000\040\000t\000\340\000i}{chapter.1}% 11
\BOOKMARK [1][-]{section.1.4}{\376\377\001\020\036\321\000i\000\040\000t\001\260\036\343\000n\000g\000\040\000v\000\340\000\040\000p\000h\036\241\000m\000\040\000v\000i\000\040\000n\000g\000h\000i\000\352\000n\000\040\000c\036\351\000u}{chapter.1}% 12
\BOOKMARK [2][-]{subsection.1.4.1}{\376\377\001\020\036\321\000i\000\040\000t\001\260\036\343\000n\000g\000\040\000n\000g\000h\000i\000\352\000n\000\040\000c\036\351\000u}{section.1.4}% 13
\BOOKMARK [2][-]{subsection.1.4.2}{\376\377\000P\000h\036\241\000m\000\040\000v\000i\000\040\000n\000g\000h\000i\000\352\000n\000\040\000c\036\351\000u}{section.1.4}% 14
\BOOKMARK [1][-]{section.1.5}{\376\377\000P\000h\001\260\001\241\000n\000g\000\040\000p\000h\000\341\000p\000\040\000n\000g\000h\000i\000\352\000n\000\040\000c\036\351\000u}{chapter.1}% 15
\BOOKMARK [2][-]{subsection.1.5.1}{\376\377\000N\000g\000h\000i\000\352\000n\000\040\000c\036\351\000u\000\040\000l\000\375\000\040\000t\000h\000u\000y\036\277\000t}{section.1.5}% 16
\BOOKMARK [2][-]{subsection.1.5.2}{\376\377\000T\000h\036\361\000c\000\040\000n\000g\000h\000i\036\307\000m}{section.1.5}% 17
\BOOKMARK [1][-]{section.1.6}{\376\377\000N\036\331\000i\000\040\000d\000u\000n\000g\000\040\000n\000g\000h\000i\000\352\000n\000\040\000c\036\351\000u}{chapter.1}% 18
\BOOKMARK [1][-]{section.1.7}{\376\377\000B\036\321\000\040\000c\036\345\000c\000\040\000l\000u\036\255\000n\000\040\000v\001\003\000n}{chapter.1}% 19
\BOOKMARK [0][-]{chapter.2}{\376\377\000C\036\337\000\040\000s\036\337\000\040\000l\000\375\000\040\000t\000h\000u\000y\036\277\000t}{}% 20
\BOOKMARK [1][-]{section.2.1}{\376\377\000M\036\331\000t\000\040\000s\036\321\000\040\000l\000o\036\241\000i\000\040\000b\036\307\000n\000h\000\040\000t\000r\000\352\000n\000\040\000l\000\341\000\040\000c\000a\000m}{chapter.2}% 21
\BOOKMARK [1][-]{section.2.2}{\376\377\000C\000\341\000c\000\040\000m\000\364\000\040\000h\000\354\000n\000h\000\040\000m\000\340\000u}{chapter.2}% 22
\BOOKMARK [2][-]{subsection.2.2.1}{\376\377\000G\000i\036\333\000i\000\040\000t\000h\000i\036\307\000u}{section.2.2}% 23
\BOOKMARK [2][-]{subsection.2.2.2}{\376\377\000M\000\364\000\040\000h\000\354\000n\000h\000\040\000m\000\340\000u\000\040\000R\000G\000B}{section.2.2}% 24
\BOOKMARK [3][-]{subsubsection.2.2.2.1}{\376\377\001\257\000u\000\040\001\021\000i\036\303\000m}{subsection.2.2.2}% 25
\BOOKMARK [3][-]{subsubsection.2.2.2.2}{\376\377\000H\036\241\000n\000\040\000c\000h\036\277}{subsection.2.2.2}% 26
\BOOKMARK [2][-]{subsection.2.2.3}{\376\377\000M\000\364\000\040\000h\000\354\000n\000h\000\040\000m\000\340\000u\000\040\000H\000S\000V}{section.2.2}% 27
\BOOKMARK [3][-]{subsubsection.2.2.3.1}{\376\377\001\257\000u\000\040\001\021\000i\036\303\000m}{subsection.2.2.3}% 28
\BOOKMARK [3][-]{subsubsection.2.2.3.2}{\376\377\000H\036\241\000n\000\040\000c\000h\036\277}{subsection.2.2.3}% 29
\BOOKMARK [1][-]{section.2.3}{\376\377\000C\000\341\000c\000\040\000m\000\364\000\040\000h\000\354\000n\000h\000\040\000b\000i\036\303\000u\000\040\000d\000i\036\305\000n\000\040\036\243\000n\000h}{chapter.2}% 30
\BOOKMARK [2][-]{subsection.2.3.1}{\376\377\000G\000i\036\333\000i\000\040\000t\000h\000i\036\307\000u}{section.2.3}% 31
\BOOKMARK [2][-]{subsection.2.3.2}{\376\377\000M\000\364\000\040\000h\000\354\000n\000h\000\040\000r\000a\000s\000t\000e\000r}{section.2.3}% 32
\BOOKMARK [2][-]{subsection.2.3.3}{\376\377\000M\000\364\000\040\000h\000\354\000n\000h\000\040\000v\000e\000c\000t\000o\000r}{section.2.3}% 33
\BOOKMARK [2][-]{subsection.2.3.4}{\376\377\000P\000h\000\342\000n\000\040\000l\000o\036\241\000i\000\040\036\243\000n\000h}{section.2.3}% 34
\BOOKMARK [3][-]{subsubsection.2.3.4.1}{\376\377\036\242\000n\000h\000\040\000n\000h\036\313\000\040\000p\000h\000\342\000n}{subsection.2.3.4}% 35
\BOOKMARK [3][-]{subsubsection.2.3.4.2}{\376\377\036\242\000n\000h\000\040\000m\036\351\000c\000\040\000x\000\341\000m}{subsection.2.3.4}% 36
\BOOKMARK [3][-]{subsubsection.2.3.4.3}{\376\377\036\242\000n\000h\000\040\000m\000\340\000u}{subsection.2.3.4}% 37
\BOOKMARK [1][-]{section.2.4}{\376\377\000C\000\341\000c\000\040\000p\000h\001\260\001\241\000n\000g\000\040\000p\000h\000\341\000p\000\040\000t\000r\000\355\000c\000h\000\040\000c\000h\036\315\000n\000\040\001\021\036\267\000c\000\040\000t\000r\001\260\000n\000g}{chapter.2}% 38
\BOOKMARK [2][-]{subsection.2.4.1}{\376\377\000G\000i\036\333\000i\000\040\000t\000h\000i\036\307\000u}{section.2.4}% 39
\BOOKMARK [2][-]{subsection.2.4.2}{\376\377\000T\000r\000\355\000c\000h\000\040\000c\000h\036\315\000n\000\040\001\021\036\267\000c\000\040\000t\000r\001\260\000n\000g\000\040\000S\000I\000F\000T}{section.2.4}% 40
\BOOKMARK [3][-]{subsubsection.2.4.2.1}{\376\377\000P\000h\000\341\000t\000\040\000h\000i\036\307\000n\000\040\001\021\000i\036\303\000m\000\040\000c\036\361\000c\000\040\000t\000r\036\313}{subsection.2.4.2}% 41
\BOOKMARK [3][-]{subsubsection.2.4.2.2}{\376\377\001\020\036\313\000n\000h\000\040\000v\036\313\000\040\001\021\000i\036\303\000m\000\040\000h\036\245\000p\000\040\000d\036\253\000n}{subsection.2.4.2}% 42
\BOOKMARK [3][-]{subsubsection.2.4.2.3}{\376\377\000X\000\341\000c\000\040\001\021\036\313\000n\000h\000\040\000h\001\260\036\333\000n\000g\000\040\000c\000h\000o\000\040\001\021\000i\036\303\000m\000\040\000h\036\245\000p\000\040\000d\036\253\000n}{subsection.2.4.2}% 43
\BOOKMARK [3][-]{subsubsection.2.4.2.4}{\376\377\000M\000\364\000\040\000t\036\243\000\040\000c\000\341\000c\000\040\001\021\000i\036\303\000m\000\040\000h\036\245\000p\000\040\000d\036\253\000n}{subsection.2.4.2}% 44
\BOOKMARK [3][-]{subsubsection.2.4.2.5}{\376\377\000M\000\364\000\040\000h\000\354\000n\000h\000\040\000t\000\372\000i\000\040\001\021\036\361\000n\000g\000\040\000t\036\353\000\040\000t\000r\036\361\000c\000\040\000q\000u\000a\000n}{subsection.2.4.2}% 45
\BOOKMARK [2][-]{subsection.2.4.3}{\376\377\000T\000r\000\355\000c\000h\000\040\000c\000h\036\315\000n\000\040\001\021\036\267\000c\000\040\000t\000r\001\260\000n\000g\000\040\000C\000o\000l\000o\000r}{section.2.4}% 46
\BOOKMARK [2][-]{subsection.2.4.4}{\376\377\000T\000r\000\355\000c\000h\000\040\000c\000h\036\315\000n\000\040\001\021\036\267\000c\000\040\000t\000r\001\260\000n\000g\000\040\000H\000O\000G}{section.2.4}% 47
\BOOKMARK [3][-]{subsubsection.2.4.4.1}{\376\377\000T\000i\036\301\000n\000\040\000x\036\355\000\040\000l\000\375}{subsection.2.4.4}% 48
\BOOKMARK [3][-]{subsubsection.2.4.4.2}{\376\377\000T\000\355\000n\000h\000\040\000t\000o\000\341\000n\000\040\036\243\000n\000h\000\040\000g\000r\000a\000d\000i\000e\000n\000t}{subsection.2.4.4}% 49
\BOOKMARK [3][-]{subsubsection.2.4.4.3}{\376\377\000T\000\355\000n\000h\000\040\000t\000o\000\341\000n\000\040\000b\000i\036\303\000u\000\040\001\021\036\323\000\040\000g\000r\000a\000d\000i\000e\000n\000t\000\040\000c\000\341\000c\000\040\000\364}{subsection.2.4.4}% 50
\BOOKMARK [3][-]{subsubsection.2.4.4.4}{\376\377\000C\000h\000u\036\251\000n\000\040\000h\000\363\000a\000\040\000c\000\341\000c\000\040\000k\000h\036\321\000i}{subsection.2.4.4}% 51
\BOOKMARK [3][-]{subsubsection.2.4.4.5}{\376\377\000T\000\355\000n\000h\000\040\000t\000o\000\341\000n\000\040\000v\000\351\000c\000-\000t\001\241\000\040\001\021\036\267\000c\000\040\000t\000r\001\260\000n\000g}{subsection.2.4.4}% 52
\BOOKMARK [2][-]{subsection.2.4.5}{\376\377\000T\000r\000\355\000c\000h\000\040\000c\000h\036\315\000n\000\040\001\021\036\267\000c\000\040\000t\000r\001\260\000n\000g\000\040\000G\000I\000S\000T}{section.2.4}% 53
\BOOKMARK [3][-]{subsubsection.2.4.5.1}{\376\377\000T\000i\036\301\000n\000\040\000x\036\355\000\040\000l\000\375\000\040\036\243\000n\000h}{subsection.2.4.5}% 54
\BOOKMARK [3][-]{subsubsection.2.4.5.2}{\376\377\000S\000i\000n\000h\000\040\000b\036\331\000\040\000l\036\315\000c\000\040\000G\000a\000b\000o\000r}{subsection.2.4.5}% 55
\BOOKMARK [3][-]{subsubsection.2.4.5.3}{\376\377\000T\000\355\000n\000h\000\040\000t\000o\000\341\000n\000\040\000v\000\351\000c\000-\000t\001\241\000\040\001\021\036\267\000c\000\040\000t\000r\001\260\000n\000g}{subsection.2.4.5}% 56
\BOOKMARK [2][-]{subsection.2.4.6}{\376\377\000T\000r\000\355\000c\000h\000\040\000c\000h\036\315\000n\000\040\001\021\036\267\000c\000\040\000t\000r\001\260\000n\000g\000\040\000s\036\355\000\040\000d\036\345\000n\000g\000\040\000m\036\241\000n\000g\000\040\000n\001\241\000-\000r\000o\000n\000\040\000t\000\355\000c\000h\000\040\000c\000h\036\255\000p}{section.2.4}% 57
\BOOKMARK [3][-]{subsubsection.2.4.6.1}{\376\377\000T\036\325\000n\000g\000\040\000q\000u\000a\000n\000\040\000m\036\241\000n\000g\000\040\000n\001\241\000-\000r\000o\000n\000\040\000t\000\355\000c\000h\000\040\000c\000h\036\255\000p}{subsection.2.4.6}% 58
\BOOKMARK [3][-]{subsubsection.2.4.6.2}{\376\377\000M\000\364\000\040\000h\000\354\000n\000h\000\040\000R\000e\000s\000i\000d\000u\000a\000l\000\040\000N\000e\000t\000w\000o\000r\000k\000s}{subsection.2.4.6}% 59
\BOOKMARK [1][-]{section.2.5}{\376\377\000M\000\341\000y\000\040\000h\036\315\000c\000\040\000v\000\351\000c\000-\000t\001\241\000\040\000h\036\327\000\040\000t\000r\036\343}{chapter.2}% 60
\BOOKMARK [2][-]{subsection.2.5.1}{\376\377\000G\000i\036\333\000i\000\040\000t\000h\000i\036\307\000u}{section.2.5}% 61
\BOOKMARK [2][-]{subsection.2.5.2}{\376\377\001\257\000u\000\040\001\021\000i\036\303\000m}{section.2.5}% 62
\BOOKMARK [2][-]{subsection.2.5.3}{\376\377\000N\000h\001\260\036\343\000c\000\040\001\021\000i\036\303\000m}{section.2.5}% 63
\BOOKMARK [0][-]{chapter.3}{\376\377\000X\000\342\000y\000\040\000d\036\361\000n\000g\000\040\000h\036\307\000\040\000t\000h\036\321\000n\000g}{}% 64
\BOOKMARK [1][-]{section.3.1}{\376\377\000H\036\307\000\040\000t\000h\036\321\000n\000g\000\040\000p\000h\000\342\000n\000\040\000l\000o\036\241\000i\000\040\000b\036\307\000n\000h\000\040\000t\000r\000\352\000n\000\040\000l\000\341\000\040\000c\000a\000m}{chapter.3}% 65
\BOOKMARK [1][-]{section.3.2}{\376\377\000T\000h\000u\000\040\000t\000h\036\255\000p\000\040\000v\000\340\000\040\000t\036\325\000\040\000c\000h\036\351\000c\000\040\000d\036\357\000\040\000l\000i\036\307\000u}{chapter.3}% 66
\BOOKMARK [2][-]{subsection.3.2.1}{\376\377\000T\000h\000u\000\040\000t\000h\036\255\000p\000\040\036\243\000n\000h}{section.3.2}% 67
\BOOKMARK [2][-]{subsection.3.2.2}{\376\377\000T\036\325\000\040\000c\000h\036\351\000c\000\040\000d\036\357\000\040\000l\000i\036\307\000u}{section.3.2}% 68
\BOOKMARK [1][-]{section.3.3}{\376\377\000T\000r\000\355\000c\000h\000\040\000c\000h\036\315\000n\000\040\000c\000\341\000c\000\040\001\021\036\267\000c\000\040\000t\000r\001\260\000n\000g}{chapter.3}% 69
\BOOKMARK [2][-]{subsection.3.3.1}{\376\377\000T\000r\000\355\000c\000h\000\040\000c\000h\036\315\000n\000\040\001\021\036\267\000c\000\040\000t\000r\001\260\000n\000g\000\040\000S\000I\000F\000T}{section.3.3}% 70
\BOOKMARK [2][-]{subsection.3.3.2}{\376\377\000T\000r\000\355\000c\000h\000\040\000c\000h\036\315\000n\000\040\001\021\036\267\000c\000\040\000t\000r\001\260\000n\000g\000\040\000C\000o\000l\000o\000r}{section.3.3}% 71
\BOOKMARK [2][-]{subsection.3.3.3}{\376\377\000T\000r\000\355\000c\000h\000\040\000c\000h\036\315\000n\000\040\001\021\036\267\000c\000\040\000t\000r\001\260\000n\000g\000\040\000H\000O\000G}{section.3.3}% 72
\BOOKMARK [2][-]{subsection.3.3.4}{\376\377\000T\000r\000\355\000c\000h\000\040\000c\000h\036\315\000n\000\040\001\021\036\267\000c\000\040\000t\000r\001\260\000n\000g\000\040\000G\000I\000S\000T}{section.3.3}% 73
\BOOKMARK [2][-]{subsection.3.3.5}{\376\377\000T\000r\000\355\000c\000h\000\040\000c\000h\036\315\000n\000\040\001\021\036\267\000c\000\040\000t\000r\001\260\000n\000g\000\040\000R\000e\000s\000i\000d\000u\000a\000l\000\040\000N\000e\000t\000w\000o\000r\000k\000s}{section.3.3}% 74
\BOOKMARK [2][-]{subsection.3.3.6}{\376\377\000T\036\325\000n\000g\000\040\000h\036\343\000p\000\040\000v\000\351\000c\000-\000t\001\241\000\040\001\021\036\267\000c\000\040\000t\000r\001\260\000n\000g}{section.3.3}% 75
\BOOKMARK [1][-]{section.3.4}{\376\377\000H\000u\036\245\000n\000\040\000l\000u\000y\036\307\000n\000\040\000m\000\364\000\040\000h\000\354\000n\000h}{chapter.3}% 76
\BOOKMARK [2][-]{subsection.3.4.1}{\376\377\000C\000h\000u\036\251\000n\000\040\000b\036\313\000\040\000t\036\255\000p\000\040\000d\036\357\000\040\000l\000i\036\307\000u\000\040\000h\000u\036\245\000n\000\040\000l\000u\000y\036\307\000n}{section.3.4}% 77
\BOOKMARK [2][-]{subsection.3.4.2}{\376\377\000H\000u\036\245\000n\000\040\000l\000u\000y\036\307\000n\000\040\000m\000\364\000\040\000h\000\354\000n\000h}{section.3.4}% 78
\BOOKMARK [0][-]{chapter.4}{\376\377\000T\000h\036\361\000c\000\040\000n\000g\000h\000i\036\307\000m\000\040\000v\000\340\000\040\001\021\000\341\000n\000h\000\040\000g\000i\000\341\000\040\000k\036\277\000t\000\040\000q\000u\036\243}{}% 79
\BOOKMARK [1][-]{section.4.1}{\376\377\000M\000\364\000i\000\040\000t\000r\001\260\036\335\000n\000g\000\040\000t\000h\036\361\000c\000\040\000n\000g\000h\000i\036\307\000m}{chapter.4}% 80
\BOOKMARK [1][-]{section.4.2}{\376\377\000T\000h\036\361\000c\000\040\000n\000g\000h\000i\036\307\000m\000\040\000p\000h\000\342\000n\000\040\000l\000o\036\241\000i}{chapter.4}% 81
\BOOKMARK [2][-]{subsection.4.2.1}{\376\377\000C\000h\000u\036\251\000n\000\040\000b\036\313\000\040\000t\036\255\000p\000\040\000d\036\357\000\040\000l\000i\036\307\000u\000\040\000k\000i\036\303\000m\000\040\000t\000h\036\355}{section.4.2}% 82
\BOOKMARK [2][-]{subsection.4.2.2}{\376\377\000K\036\277\000t\000\040\000q\000u\036\243\000\040\000t\000h\036\361\000c\000\040\000n\000g\000h\000i\036\307\000m}{section.4.2}% 83
\BOOKMARK [1][-]{section.4.3}{\376\377\001\020\000\341\000n\000h\000\040\000g\000i\000\341\000\040\000k\036\277\000t\000\040\000q\000u\036\243}{chapter.4}% 84
\BOOKMARK [0][-]{chapter.5}{\376\377\000K\036\277\000t\000\040\000l\000u\036\255\000n\000\040\000v\000\340\000\040\000h\001\260\036\333\000n\000g\000\040\000p\000h\000\341\000t\000\040\000t\000r\000i\036\303\000n}{}% 85
\BOOKMARK [1][-]{section.5.1}{\376\377\000K\036\277\000t\000\040\000l\000u\036\255\000n\000\040\000v\000\340\000\040\000h\036\241\000n\000\040\000c\000h\036\277}{chapter.5}% 86
\BOOKMARK [2][-]{subsection.5.1.1}{\376\377\000K\036\277\000t\000\040\000l\000u\036\255\000n}{section.5.1}% 87
\BOOKMARK [2][-]{subsection.5.1.2}{\376\377\000H\036\241\000n\000\040\000c\000h\036\277}{section.5.1}% 88
\BOOKMARK [1][-]{section.5.2}{\376\377\000H\001\260\036\333\000n\000g\000\040\000p\000h\000\341\000t\000\040\000t\000r\000i\036\303\000n}{chapter.5}% 89
\BOOKMARK [0][-]{chapter*.11}{\376\377\000T\000\340\000i\000\040\000l\000i\036\307\000u\000\040\000t\000h\000a\000m\000\040\000k\000h\036\243\000o}{}% 90
